# JRE version: Java(TM) SE Runtime Environment (8.0_152-b16) (build 1.8.0_152-b16)
# Java VM: Java HotSpot(TM) 64-Bit Server VM (25.152-b16 mixed mode windows-amd64 compressed oops)
Heap:
 PSYoungGen      total 49152K, used 47618K [0x00000000e0000000, 0x00000000e3680000, 0x0000000100000000)
  eden space 42496K, 96% used [0x00000000e0000000,0x00000000e2805848,0x00000000e2980000)
  from space 6656K, 99% used [0x00000000e3000000,0x00000000e367b010,0x00000000e3680000)
  to   space 6656K, 0% used [0x00000000e2980000,0x00000000e2980000,0x00000000e3000000)
 ParOldGen       total 112128K, used 417K [0x00000000a0000000, 0x00000000a6d80000, 0x00000000e0000000)
  object space 112128K, 0% used [0x00000000a0000000,0x00000000a00685b0,0x00000000a6d80000)
 Metaspace       used 16770K, capacity 17142K, committed 17280K, reserved 1064960K
  class space    used 2448K, capacity 2573K, committed 2688K, reserved 1048576K
GC Heap History (4 events):
Event: 1.072 GC heap before
{Heap before GC invocations=1 (full 0):
 PSYoungGen      total 49152K, used 42496K [0x00000000e0000000, 0x00000000e3680000, 0x0000000100000000)
  eden space 42496K, 100% used [0x00000000e0000000,0x00000000e2980000,0x00000000e2980000)
  from space 6656K, 0% used [0x00000000e3000000,0x00000000e3000000,0x00000000e3680000)
  to   space 6656K, 0% used [0x00000000e2980000,0x00000000e2980000,0x00000000e3000000)
 ParOldGen       total 112128K, used 0K [0x00000000a0000000, 0x00000000a6d80000, 0x00000000e0000000)
  object space 112128K, 0% used [0x00000000a0000000,0x00000000a0000000,0x00000000a6d80000)
 Metaspace       used 7060K, capacity 7346K, committed 7424K, reserved 1056768K
  class space    used 883K, capacity 983K, committed 1024K, reserved 1048576K
Event: 1.078 GC heap after
Heap after GC invocations=1 (full 0):
 PSYoungGen      total 49152K, used 5025K [0x00000000e0000000, 0x00000000e3680000, 0x0000000100000000)
  eden space 42496K, 0% used [0x00000000e0000000,0x00000000e0000000,0x00000000e2980000)
  from space 6656K, 75% used [0x00000000e2980000,0x00000000e2e68440,0x00000000e3000000)
  to   space 6656K, 0% used [0x00000000e3000000,0x00000000e3000000,0x00000000e3680000)
 ParOldGen       total 112128K, used 8K [0x00000000a0000000, 0x00000000a6d80000, 0x00000000e0000000)
  object space 112128K, 0% used [0x00000000a0000000,0x00000000a0002000,0x00000000a6d80000)
 Metaspace       used 7060K, capacity 7346K, committed 7424K, reserved 1056768K
  class space    used 883K, capacity 983K, committed 1024K, reserved 1048576K
}
Event: 2.012 GC heap before
{Heap before GC invocations=2 (full 0):
 PSYoungGen      total 49152K, used 47521K [0x00000000e0000000, 0x00000000e3680000, 0x0000000100000000)
  eden space 42496K, 100% used [0x00000000e0000000,0x00000000e2980000,0x00000000e2980000)
  from space 6656K, 75% used [0x00000000e2980000,0x00000000e2e68440,0x00000000e3000000)
  to   space 6656K, 0% used [0x00000000e3000000,0x00000000e3000000,0x00000000e3680000)
 ParOldGen       total 112128K, used 8K [0x00000000a0000000, 0x00000000a6d80000, 0x00000000e0000000)
  object space 112128K, 0% used [0x00000000a0000000,0x00000000a0002000,0x00000000a6d80000)
 Metaspace       used 13079K, capacity 13458K, committed 13568K, reserved 1060864K
  class space    used 1820K, capacity 1963K, committed 2048K, reserved 1048576K
Event: 2.023 GC heap after
Heap after GC invocations=2 (full 0):
 PSYoungGen      total 49152K, used 6636K [0x00000000e0000000, 0x00000000e3680000, 0x0000000100000000)
  eden space 42496K, 0% used [0x00000000e0000000,0x00000000e0000000,0x00000000e2980000)
  from space 6656K, 99% used [0x00000000e3000000,0x00000000e367b010,0x00000000e3680000)
  to   space 6656K, 0% used [0x00000000e2980000,0x00000000e2980000,0x00000000e3000000)
 ParOldGen       total 112128K, used 417K [0x00000000a0000000, 0x00000000a6d80000, 0x00000000e0000000)
  object space 112128K, 0% used [0x00000000a0000000,0x00000000a00685b0,0x00000000a6d80000)
 Metaspace       used 13079K, capacity 13458K, committed 13568K, reserved 1060864K
  class space    used 1820K, capacity 1963K, committed 2048K, reserved 1048576K
}

