# JRE version: Java(TM) SE Runtime Environment (8.0_152-b16) (build 1.8.0_152-b16)
# Java VM: Java HotSpot(TM) 64-Bit Server VM (25.152-b16 mixed mode windows-amd64 compressed oops)
Heap:
 garbage-first heap   total 167936K, used 63488K [0x00000000c0000000, 0x00000000c0100520, 0x0000000100000000)
  region size 1024K, 37 young (37888K), 13 survivors (13312K)
 Metaspace       used 44937K, capacity 47464K, committed 47692K, reserved 1091584K
  class space    used 5663K, capacity 6398K, committed 6476K, reserved 1048576K
GC Heap History (10 events):
Event: 1.684 GC heap before
{Heap before GC invocations=3 (full 0):
 garbage-first heap   total 167936K, used 41078K [0x00000000c0000000, 0x00000000c0100520, 0x0000000100000000)
  region size 1024K, 31 young (31744K), 3 survivors (3072K)
 Metaspace       used 19908K, capacity 21172K, committed 21296K, reserved 1069056K
  class space    used 2029K, capacity 2388K, committed 2432K, reserved 1048576K
Event: 1.697 GC heap after
Heap after GC invocations=4 (full 0):
 garbage-first heap   total 167936K, used 20305K [0x00000000c0000000, 0x00000000c0100520, 0x0000000100000000)
  region size 1024K, 11 young (11264K), 11 survivors (11264K)
 Metaspace       used 19908K, capacity 21172K, committed 21296K, reserved 1069056K
  class space    used 2029K, capacity 2388K, committed 2432K, reserved 1048576K
}
Event: 2.217 GC heap before
{Heap before GC invocations=5 (full 0):
 garbage-first heap   total 167936K, used 64337K [0x00000000c0000000, 0x00000000c0100520, 0x0000000100000000)
  region size 1024K, 56 young (57344K), 11 survivors (11264K)
 Metaspace       used 26727K, capacity 28426K, committed 28672K, reserved 1075200K
  class space    used 2987K, capacity 3477K, committed 3584K, reserved 1048576K
Event: 2.232 GC heap after
Heap after GC invocations=6 (full 0):
 garbage-first heap   total 167936K, used 22991K [0x00000000c0000000, 0x00000000c0100520, 0x0000000100000000)
  region size 1024K, 7 young (7168K), 7 survivors (7168K)
 Metaspace       used 26727K, capacity 28426K, committed 28672K, reserved 1075200K
  class space    used 2987K, capacity 3477K, committed 3584K, reserved 1048576K
}
Event: 3.040 GC heap before
{Heap before GC invocations=6 (full 0):
 garbage-first heap   total 167936K, used 116175K [0x00000000c0000000, 0x00000000c0100520, 0x0000000100000000)
  region size 1024K, 98 young (100352K), 7 survivors (7168K)
 Metaspace       used 32593K, capacity 34640K, committed 34816K, reserved 1079296K
  class space    used 3818K, capacity 4507K, committed 4608K, reserved 1048576K
Event: 3.062 GC heap after
Heap after GC invocations=7 (full 0):
 garbage-first heap   total 167936K, used 33280K [0x00000000c0000000, 0x00000000c0100520, 0x0000000100000000)
  region size 1024K, 13 young (13312K), 13 survivors (13312K)
 Metaspace       used 32593K, capacity 34640K, committed 34816K, reserved 1079296K
  class space    used 3818K, capacity 4507K, committed 4608K, reserved 1048576K
}
Event: 3.188 GC heap before
{Heap before GC invocations=7 (full 0):
 garbage-first heap   total 167936K, used 42496K [0x00000000c0000000, 0x00000000c0100520, 0x0000000100000000)
  region size 1024K, 23 young (23552K), 13 survivors (13312K)
 Metaspace       used 33962K, capacity 35974K, committed 36048K, reserved 1081344K
  class space    used 3998K, capacity 4708K, committed 4736K, reserved 1048576K
Event: 3.200 GC heap after
Heap after GC invocations=8 (full 0):
 garbage-first heap   total 167936K, used 31744K [0x00000000c0000000, 0x00000000c0100520, 0x0000000100000000)
  region size 1024K, 9 young (9216K), 9 survivors (9216K)
 Metaspace       used 33962K, capacity 35974K, committed 36048K, reserved 1081344K
  class space    used 3998K, capacity 4708K, committed 4736K, reserved 1048576K
}
Event: 12.503 GC heap before
{Heap before GC invocations=9 (full 0):
 garbage-first heap   total 167936K, used 115712K [0x00000000c0000000, 0x00000000c0100520, 0x0000000100000000)
  region size 1024K, 98 young (100352K), 9 survivors (9216K)
 Metaspace       used 42738K, capacity 44986K, committed 45004K, reserved 1087488K
  class space    used 5360K, capacity 6088K, committed 6092K, reserved 1048576K
Event: 12.525 GC heap after
Heap after GC invocations=10 (full 0):
 garbage-first heap   total 167936K, used 39936K [0x00000000c0000000, 0x00000000c0100520, 0x0000000100000000)
  region size 1024K, 13 young (13312K), 13 survivors (13312K)
 Metaspace       used 42738K, capacity 44986K, committed 45004K, reserved 1087488K
  class space    used 5360K, capacity 6088K, committed 6092K, reserved 1048576K
}

