# JRE version: Java(TM) SE Runtime Environment (8.0_152-b16) (build 1.8.0_152-b16)
# Java VM: Java HotSpot(TM) 64-Bit Server VM (25.152-b16 mixed mode windows-amd64 compressed oops)
Heap:
 PSYoungGen      total 91648K, used 51034K [0x00000000e0000000, 0x00000000e8600000, 0x0000000100000000)
  eden space 84992K, 52% used [0x00000000e0000000,0x00000000e2b5df30,0x00000000e5300000)
  from space 6656K, 99% used [0x00000000e5300000,0x00000000e5978c08,0x00000000e5980000)
  to   space 12800K, 0% used [0x00000000e7980000,0x00000000e7980000,0x00000000e8600000)
 ParOldGen       total 80384K, used 21184K [0x00000000a0000000, 0x00000000a4e80000, 0x00000000e0000000)
  object space 80384K, 26% used [0x00000000a0000000,0x00000000a14b02c0,0x00000000a4e80000)
 Metaspace       used 40774K, capacity 41798K, committed 41944K, reserved 1085440K
  class space    used 5700K, capacity 6022K, committed 6104K, reserved 1048576K
GC Heap History (10 events):
Event: 2.304 GC heap before
{Heap before GC invocations=5 (full 1):
 PSYoungGen      total 91648K, used 6640K [0x00000000e0000000, 0x00000000e6000000, 0x0000000100000000)
  eden space 84992K, 0% used [0x00000000e0000000,0x00000000e0000000,0x00000000e5300000)
  from space 6656K, 99% used [0x00000000e5980000,0x00000000e5ffc060,0x00000000e6000000)
  to   space 6656K, 0% used [0x00000000e5300000,0x00000000e5300000,0x00000000e5980000)
 ParOldGen       total 112128K, used 5941K [0x00000000a0000000, 0x00000000a6d80000, 0x00000000e0000000)
  object space 112128K, 5% used [0x00000000a0000000,0x00000000a05cd780,0x00000000a6d80000)
 Metaspace       used 20752K, capacity 21208K, committed 21248K, reserved 1067008K
  class space    used 2910K, capacity 3068K, committed 3072K, reserved 1048576K
Event: 2.359 GC heap after
Heap after GC invocations=5 (full 1):
 PSYoungGen      total 91648K, used 0K [0x00000000e0000000, 0x00000000e6000000, 0x0000000100000000)
  eden space 84992K, 0% used [0x00000000e0000000,0x00000000e0000000,0x00000000e5300000)
  from space 6656K, 0% used [0x00000000e5980000,0x00000000e5980000,0x00000000e6000000)
  to   space 6656K, 0% used [0x00000000e5300000,0x00000000e5300000,0x00000000e5980000)
 ParOldGen       total 80384K, used 9670K [0x00000000a0000000, 0x00000000a4e80000, 0x00000000e0000000)
  object space 80384K, 12% used [0x00000000a0000000,0x00000000a0971898,0x00000000a4e80000)
 Metaspace       used 20752K, capacity 21208K, committed 21248K, reserved 1067008K
  class space    used 2910K, capacity 3068K, committed 3072K, reserved 1048576K
}
Event: 3.450 GC heap before
{Heap before GC invocations=6 (full 1):
 PSYoungGen      total 91648K, used 84992K [0x00000000e0000000, 0x00000000e6000000, 0x0000000100000000)
  eden space 84992K, 100% used [0x00000000e0000000,0x00000000e5300000,0x00000000e5300000)
  from space 6656K, 0% used [0x00000000e5980000,0x00000000e5980000,0x00000000e6000000)
  to   space 6656K, 0% used [0x00000000e5300000,0x00000000e5300000,0x00000000e5980000)
 ParOldGen       total 80384K, used 9670K [0x00000000a0000000, 0x00000000a4e80000, 0x00000000e0000000)
  object space 80384K, 12% used [0x00000000a0000000,0x00000000a0971898,0x00000000a4e80000)
 Metaspace       used 28523K, capacity 29012K, committed 29312K, reserved 1075200K
  class space    used 4021K, capacity 4173K, committed 4224K, reserved 1048576K
Event: 3.459 GC heap after
Heap after GC invocations=6 (full 1):
 PSYoungGen      total 91648K, used 6644K [0x00000000e0000000, 0x00000000e6000000, 0x0000000100000000)
  eden space 84992K, 0% used [0x00000000e0000000,0x00000000e0000000,0x00000000e5300000)
  from space 6656K, 99% used [0x00000000e5300000,0x00000000e597d2a8,0x00000000e5980000)
  to   space 6656K, 0% used [0x00000000e5980000,0x00000000e5980000,0x00000000e6000000)
 ParOldGen       total 80384K, used 12138K [0x00000000a0000000, 0x00000000a4e80000, 0x00000000e0000000)
  object space 80384K, 15% used [0x00000000a0000000,0x00000000a0bdabb0,0x00000000a4e80000)
 Metaspace       used 28523K, capacity 29012K, committed 29312K, reserved 1075200K
  class space    used 4021K, capacity 4173K, committed 4224K, reserved 1048576K
}
Event: 4.490 GC heap before
{Heap before GC invocations=7 (full 1):
 PSYoungGen      total 91648K, used 80341K [0x00000000e0000000, 0x00000000e6000000, 0x0000000100000000)
  eden space 84992K, 86% used [0x00000000e0000000,0x00000000e47f8360,0x00000000e5300000)
  from space 6656K, 99% used [0x00000000e5300000,0x00000000e597d2a8,0x00000000e5980000)
  to   space 6656K, 0% used [0x00000000e5980000,0x00000000e5980000,0x00000000e6000000)
 ParOldGen       total 80384K, used 12138K [0x00000000a0000000, 0x00000000a4e80000, 0x00000000e0000000)
  object space 80384K, 15% used [0x00000000a0000000,0x00000000a0bdabb0,0x00000000a4e80000)
 Metaspace       used 34579K, capacity 35252K, committed 35416K, reserved 1079296K
  class space    used 4890K, capacity 5148K, committed 5208K, reserved 1048576K
Event: 4.504 GC heap after
Heap after GC invocations=7 (full 1):
 PSYoungGen      total 91648K, used 6640K [0x00000000e0000000, 0x00000000e6000000, 0x0000000100000000)
  eden space 84992K, 0% used [0x00000000e0000000,0x00000000e0000000,0x00000000e5300000)
  from space 6656K, 99% used [0x00000000e5980000,0x00000000e5ffc010,0x00000000e6000000)
  to   space 6656K, 0% used [0x00000000e5300000,0x00000000e5300000,0x00000000e5980000)
 ParOldGen       total 80384K, used 17190K [0x00000000a0000000, 0x00000000a4e80000, 0x00000000e0000000)
  object space 80384K, 21% used [0x00000000a0000000,0x00000000a10c9a88,0x00000000a4e80000)
 Metaspace       used 34579K, capacity 35252K, committed 35416K, reserved 1079296K
  class space    used 4890K, capacity 5148K, committed 5208K, reserved 1048576K
}
Event: 4.504 GC heap before
{Heap before GC invocations=8 (full 2):
 PSYoungGen      total 91648K, used 6640K [0x00000000e0000000, 0x00000000e6000000, 0x0000000100000000)
  eden space 84992K, 0% used [0x00000000e0000000,0x00000000e0000000,0x00000000e5300000)
  from space 6656K, 99% used [0x00000000e5980000,0x00000000e5ffc010,0x00000000e6000000)
  to   space 6656K, 0% used [0x00000000e5300000,0x00000000e5300000,0x00000000e5980000)
 ParOldGen       total 80384K, used 17190K [0x00000000a0000000, 0x00000000a4e80000, 0x00000000e0000000)
  object space 80384K, 21% used [0x00000000a0000000,0x00000000a10c9a88,0x00000000a4e80000)
 Metaspace       used 34579K, capacity 35252K, committed 35416K, reserved 1079296K
  class space    used 4890K, capacity 5148K, committed 5208K, reserved 1048576K
Event: 4.593 GC heap after
Heap after GC invocations=8 (full 2):
 PSYoungGen      total 91648K, used 0K [0x00000000e0000000, 0x00000000e6000000, 0x0000000100000000)
  eden space 84992K, 0% used [0x00000000e0000000,0x00000000e0000000,0x00000000e5300000)
  from space 6656K, 0% used [0x00000000e5980000,0x00000000e5980000,0x00000000e6000000)
  to   space 6656K, 0% used [0x00000000e5300000,0x00000000e5300000,0x00000000e5980000)
 ParOldGen       total 80384K, used 19198K [0x00000000a0000000, 0x00000000a4e80000, 0x00000000e0000000)
  object space 80384K, 23% used [0x00000000a0000000,0x00000000a12bfb60,0x00000000a4e80000)
 Metaspace       used 34579K, capacity 35252K, committed 35416K, reserved 1079296K
  class space    used 4890K, capacity 5148K, committed 5208K, reserved 1048576K
}
Event: 5.320 GC heap before
{Heap before GC invocations=9 (full 2):
 PSYoungGen      total 91648K, used 84992K [0x00000000e0000000, 0x00000000e6000000, 0x0000000100000000)
  eden space 84992K, 100% used [0x00000000e0000000,0x00000000e5300000,0x00000000e5300000)
  from space 6656K, 0% used [0x00000000e5980000,0x00000000e5980000,0x00000000e6000000)
  to   space 6656K, 0% used [0x00000000e5300000,0x00000000e5300000,0x00000000e5980000)
 ParOldGen       total 80384K, used 19198K [0x00000000a0000000, 0x00000000a4e80000, 0x00000000e0000000)
  object space 80384K, 23% used [0x00000000a0000000,0x00000000a12bfb60,0x00000000a4e80000)
 Metaspace       used 39177K, capacity 40016K, committed 40280K, reserved 1083392K
  class space    used 5463K, capacity 5704K, committed 5720K, reserved 1048576K
Event: 5.329 GC heap after
Heap after GC invocations=9 (full 2):
 PSYoungGen      total 91648K, used 6627K [0x00000000e0000000, 0x00000000e8600000, 0x0000000100000000)
  eden space 84992K, 0% used [0x00000000e0000000,0x00000000e0000000,0x00000000e5300000)
  from space 6656K, 99% used [0x00000000e5300000,0x00000000e5978c08,0x00000000e5980000)
  to   space 12800K, 0% used [0x00000000e7980000,0x00000000e7980000,0x00000000e8600000)
 ParOldGen       total 80384K, used 21184K [0x00000000a0000000, 0x00000000a4e80000, 0x00000000e0000000)
  object space 80384K, 26% used [0x00000000a0000000,0x00000000a14b02c0,0x00000000a4e80000)
 Metaspace       used 39177K, capacity 40016K, committed 40280K, reserved 1083392K
  class space    used 5463K, capacity 5704K, committed 5720K, reserved 1048576K
}

