# JRE version: Java(TM) SE Runtime Environment (8.0_152-b16) (build 1.8.0_152-b16)
# Java VM: Java HotSpot(TM) 64-Bit Server VM (25.152-b16 mixed mode windows-amd64 compressed oops)
Heap:
 PSYoungGen      total 143872K, used 113808K [0x00000000e0000000, 0x00000000ecf80000, 0x0000000100000000)
  eden space 130560K, 76% used [0x00000000e0000000,0x00000000e6225618,0x00000000e7f80000)
  from space 13312K, 99% used [0x00000000e7f80000,0x00000000e8c7eac8,0x00000000e8c80000)
  to   space 15360K, 0% used [0x00000000ec080000,0x00000000ec080000,0x00000000ecf80000)
 ParOldGen       total 119296K, used 19874K [0x00000000a0000000, 0x00000000a7480000, 0x00000000e0000000)
  object space 119296K, 16% used [0x00000000a0000000,0x00000000a1368aa0,0x00000000a7480000)
 Metaspace       used 47595K, capacity 48782K, committed 48984K, reserved 1091584K
  class space    used 6588K, capacity 6942K, committed 7000K, reserved 1048576K
GC Heap History (10 events):
Event: 2.897 GC heap before
{Heap before GC invocations=5 (full 1):
 PSYoungGen      total 91648K, used 6640K [0x00000000e0000000, 0x00000000e6000000, 0x0000000100000000)
  eden space 84992K, 0% used [0x00000000e0000000,0x00000000e0000000,0x00000000e5300000)
  from space 6656K, 99% used [0x00000000e5980000,0x00000000e5ffc040,0x00000000e6000000)
  to   space 6656K, 0% used [0x00000000e5300000,0x00000000e5300000,0x00000000e5980000)
 ParOldGen       total 112128K, used 5981K [0x00000000a0000000, 0x00000000a6d80000, 0x00000000e0000000)
  object space 112128K, 5% used [0x00000000a0000000,0x00000000a05d7798,0x00000000a6d80000)
 Metaspace       used 20747K, capacity 21208K, committed 21248K, reserved 1067008K
  class space    used 2910K, capacity 3068K, committed 3072K, reserved 1048576K
Event: 2.946 GC heap after
Heap after GC invocations=5 (full 1):
 PSYoungGen      total 91648K, used 0K [0x00000000e0000000, 0x00000000e6000000, 0x0000000100000000)
  eden space 84992K, 0% used [0x00000000e0000000,0x00000000e0000000,0x00000000e5300000)
  from space 6656K, 0% used [0x00000000e5980000,0x00000000e5980000,0x00000000e6000000)
  to   space 6656K, 0% used [0x00000000e5300000,0x00000000e5300000,0x00000000e5980000)
 ParOldGen       total 73728K, used 9693K [0x00000000a0000000, 0x00000000a4800000, 0x00000000e0000000)
  object space 73728K, 13% used [0x00000000a0000000,0x00000000a09775c8,0x00000000a4800000)
 Metaspace       used 20747K, capacity 21208K, committed 21248K, reserved 1067008K
  class space    used 2910K, capacity 3068K, committed 3072K, reserved 1048576K
}
Event: 4.122 GC heap before
{Heap before GC invocations=6 (full 1):
 PSYoungGen      total 91648K, used 84992K [0x00000000e0000000, 0x00000000e6000000, 0x0000000100000000)
  eden space 84992K, 100% used [0x00000000e0000000,0x00000000e5300000,0x00000000e5300000)
  from space 6656K, 0% used [0x00000000e5980000,0x00000000e5980000,0x00000000e6000000)
  to   space 6656K, 0% used [0x00000000e5300000,0x00000000e5300000,0x00000000e5980000)
 ParOldGen       total 73728K, used 9693K [0x00000000a0000000, 0x00000000a4800000, 0x00000000e0000000)
  object space 73728K, 13% used [0x00000000a0000000,0x00000000a09775c8,0x00000000a4800000)
 Metaspace       used 28527K, capacity 28948K, committed 29056K, reserved 1075200K
  class space    used 4028K, capacity 4173K, committed 4224K, reserved 1048576K
Event: 4.131 GC heap after
Heap after GC invocations=6 (full 1):
 PSYoungGen      total 91648K, used 6646K [0x00000000e0000000, 0x00000000e9900000, 0x0000000100000000)
  eden space 84992K, 0% used [0x00000000e0000000,0x00000000e0000000,0x00000000e5300000)
  from space 6656K, 99% used [0x00000000e5300000,0x00000000e597da60,0x00000000e5980000)
  to   space 12288K, 0% used [0x00000000e8d00000,0x00000000e8d00000,0x00000000e9900000)
 ParOldGen       total 73728K, used 12223K [0x00000000a0000000, 0x00000000a4800000, 0x00000000e0000000)
  object space 73728K, 16% used [0x00000000a0000000,0x00000000a0befd18,0x00000000a4800000)
 Metaspace       used 28527K, capacity 28948K, committed 29056K, reserved 1075200K
  class space    used 4028K, capacity 4173K, committed 4224K, reserved 1048576K
}
Event: 5.171 GC heap before
{Heap before GC invocations=7 (full 1):
 PSYoungGen      total 91648K, used 79693K [0x00000000e0000000, 0x00000000e9900000, 0x0000000100000000)
  eden space 84992K, 85% used [0x00000000e0000000,0x00000000e47559e8,0x00000000e5300000)
  from space 6656K, 99% used [0x00000000e5300000,0x00000000e597da60,0x00000000e5980000)
  to   space 12288K, 0% used [0x00000000e8d00000,0x00000000e8d00000,0x00000000e9900000)
 ParOldGen       total 73728K, used 12223K [0x00000000a0000000, 0x00000000a4800000, 0x00000000e0000000)
  object space 73728K, 16% used [0x00000000a0000000,0x00000000a0befd18,0x00000000a4800000)
 Metaspace       used 34564K, capacity 35252K, committed 35416K, reserved 1079296K
  class space    used 4890K, capacity 5148K, committed 5208K, reserved 1048576K
Event: 5.187 GC heap after
Heap after GC invocations=7 (full 1):
 PSYoungGen      total 142848K, used 11648K [0x00000000e0000000, 0x00000000e9980000, 0x0000000100000000)
  eden space 130560K, 0% used [0x00000000e0000000,0x00000000e0000000,0x00000000e7f80000)
  from space 12288K, 94% used [0x00000000e8d00000,0x00000000e9860388,0x00000000e9900000)
  to   space 13312K, 0% used [0x00000000e7f80000,0x00000000e7f80000,0x00000000e8c80000)
 ParOldGen       total 73728K, used 12231K [0x00000000a0000000, 0x00000000a4800000, 0x00000000e0000000)
  object space 73728K, 16% used [0x00000000a0000000,0x00000000a0bf1d18,0x00000000a4800000)
 Metaspace       used 34564K, capacity 35252K, committed 35416K, reserved 1079296K
  class space    used 4890K, capacity 5148K, committed 5208K, reserved 1048576K
}
Event: 5.187 GC heap before
{Heap before GC invocations=8 (full 2):
 PSYoungGen      total 142848K, used 11648K [0x00000000e0000000, 0x00000000e9980000, 0x0000000100000000)
  eden space 130560K, 0% used [0x00000000e0000000,0x00000000e0000000,0x00000000e7f80000)
  from space 12288K, 94% used [0x00000000e8d00000,0x00000000e9860388,0x00000000e9900000)
  to   space 13312K, 0% used [0x00000000e7f80000,0x00000000e7f80000,0x00000000e8c80000)
 ParOldGen       total 73728K, used 12231K [0x00000000a0000000, 0x00000000a4800000, 0x00000000e0000000)
  object space 73728K, 16% used [0x00000000a0000000,0x00000000a0bf1d18,0x00000000a4800000)
 Metaspace       used 34564K, capacity 35252K, committed 35416K, reserved 1079296K
  class space    used 4890K, capacity 5148K, committed 5208K, reserved 1048576K
Event: 5.275 GC heap after
Heap after GC invocations=8 (full 2):
 PSYoungGen      total 142848K, used 0K [0x00000000e0000000, 0x00000000e9980000, 0x0000000100000000)
  eden space 130560K, 0% used [0x00000000e0000000,0x00000000e0000000,0x00000000e7f80000)
  from space 12288K, 0% used [0x00000000e8d00000,0x00000000e8d00000,0x00000000e9900000)
  to   space 13312K, 0% used [0x00000000e7f80000,0x00000000e7f80000,0x00000000e8c80000)
 ParOldGen       total 119296K, used 19175K [0x00000000a0000000, 0x00000000a7480000, 0x00000000e0000000)
  object space 119296K, 16% used [0x00000000a0000000,0x00000000a12b9f00,0x00000000a7480000)
 Metaspace       used 34564K, capacity 35252K, committed 35416K, reserved 1079296K
  class space    used 4890K, capacity 5148K, committed 5208K, reserved 1048576K
}
Event: 6.386 GC heap before
{Heap before GC invocations=9 (full 2):
 PSYoungGen      total 142848K, used 130560K [0x00000000e0000000, 0x00000000e9980000, 0x0000000100000000)
  eden space 130560K, 100% used [0x00000000e0000000,0x00000000e7f80000,0x00000000e7f80000)
  from space 12288K, 0% used [0x00000000e8d00000,0x00000000e8d00000,0x00000000e9900000)
  to   space 13312K, 0% used [0x00000000e7f80000,0x00000000e7f80000,0x00000000e8c80000)
 ParOldGen       total 119296K, used 19175K [0x00000000a0000000, 0x00000000a7480000, 0x00000000e0000000)
  object space 119296K, 16% used [0x00000000a0000000,0x00000000a12b9f00,0x00000000a7480000)
 Metaspace       used 40754K, capacity 41728K, committed 41944K, reserved 1085440K
  class space    used 5696K, capacity 6020K, committed 6104K, reserved 1048576K
Event: 6.403 GC heap after
Heap after GC invocations=9 (full 2):
 PSYoungGen      total 143872K, used 13306K [0x00000000e0000000, 0x00000000ecf80000, 0x0000000100000000)
  eden space 130560K, 0% used [0x00000000e0000000,0x00000000e0000000,0x00000000e7f80000)
  from space 13312K, 99% used [0x00000000e7f80000,0x00000000e8c7eac8,0x00000000e8c80000)
  to   space 15360K, 0% used [0x00000000ec080000,0x00000000ec080000,0x00000000ecf80000)
 ParOldGen       total 119296K, used 19874K [0x00000000a0000000, 0x00000000a7480000, 0x00000000e0000000)
  object space 119296K, 16% used [0x00000000a0000000,0x00000000a1368aa0,0x00000000a7480000)
 Metaspace       used 40754K, capacity 41728K, committed 41944K, reserved 1085440K
  class space    used 5696K, capacity 6020K, committed 6104K, reserved 1048576K
}

